<?xml version="1.0" encoding="UTF-8"?>
<!-- Generated by org.testng.reporters.JUnitXMLReporter -->
<testsuite ignored="0" hostname="ChandanZ" failures="0" tests="2" name="Test" time="30.842" errors="0" timestamp="2026-04-13T02:09:00 IST">
  <testcase classname="Tests.Login_Action_Verify_Valid_Invalid" name="Login_Action_Verify_Invalid_Test" time="11.544"/>
  <testcase classname="Tests.Login_Action_Verify_Valid_Invalid" name="Login_Action_Verify_Valid_Test" time="8.835"/>
</testsuite> <!-- Test -->
