<?xml version="1.0" encoding="UTF-8"?>
<!-- Generated by org.testng.reporters.JUnitXMLReporter -->
<testsuite ignored="0" hostname="ChandanZ" failures="0" tests="2" name="Default test" time="29.852" errors="0" timestamp="2026-04-13T00:59:20 IST">
  <testcase classname="Tests.Login_Action_Verify_Valid_Invalid" name="Login_Action_Verify_Invalid_Test" time="11.521"/>
  <testcase classname="Tests.Login_Action_Verify_Valid_Invalid" name="Login_Action_Verify_Valid_Test" time="9.924"/>
</testsuite> <!-- Default test -->
