<?xml version="1.0" encoding="UTF-8"?>
<!-- Generated by org.testng.reporters.JUnitXMLReporter -->
<testsuite ignored="0" hostname="GBSBHL1372-PC" failures="1" tests="1" name="Test" time="9.34" errors="0" timestamp="2026-02-12T17:01:53 IST">
  <testcase classname="Tests.AM_Delete" name="autoMailDeleteTest" time="0.069">
    <failure type="java.lang.NullPointerException" message="Cannot invoke &amp;quot;org.openqa.selenium.SearchContext.findElement(org.openqa.selenium.By)&amp;quot; because &amp;quot;this.searchContext&amp;quot; is null">
      <![CDATA[java.lang.NullPointerException: Cannot invoke "org.openqa.selenium.SearchContext.findElement(org.openqa.selenium.By)" because "this.searchContext" is null
at org.openqa.selenium.support.pagefactory.DefaultElementLocator.findElement(DefaultElementLocator.java:68)
at org.openqa.selenium.support.pagefactory.internal.LocatingElementHandler.invoke(LocatingElementHandler.java:38)
at jdk.proxy2/jdk.proxy2.$Proxy14.sendKeys(Unknown Source)
at PageClases.Loginpage.login(Loginpage.java:76)
at Tests.LoginAction.VerifyUN_PWD(LoginAction.java:48)
at Tests.AM_Delete.autoMailDeleteTest(AM_Delete.java:14)
at java.base/java.util.ArrayList.forEach(ArrayList.java:1596)
... Removed 25 stack frames]]>
    </failure>
  </testcase> <!-- autoMailDeleteTest -->
</testsuite> <!-- Test -->
