<?xml version="1.0" encoding="UTF-8"?>
<!-- Generated by org.testng.reporters.JUnitXMLReporter -->
<testsuite ignored="0" hostname="ChandanZ" failures="0" tests="1" name="Test" time="0.04" errors="0" timestamp="2026-03-22T17:09:35 IST">
  <testcase classname="Baseclasses.BaseClass" name="@BeforeSuite TestDataInitialization" time="0.022">
    <failure type="java.io.FileNotFoundException" message="C:\Users\GBSBHL1372\eclipse-workspace\JenKinProject\src\test\resources\TestData.properties (The system cannot find the path specified)">
      <![CDATA[java.io.FileNotFoundException: C:\Users\GBSBHL1372\eclipse-workspace\JenKinProject\src\test\resources\TestData.properties (The system cannot find the path specified)
at java.base/java.io.FileInputStream.open0(Native Method)
at java.base/java.io.FileInputStream.open(FileInputStream.java:216)
at java.base/java.io.FileInputStream.<init>(FileInputStream.java:157)
at java.base/java.io.FileInputStream.<init>(FileInputStream.java:111)
at Baseclasses.BaseClass.TestDataInitialization(BaseClass.java:137)
... Removed 19 stack frames]]>
    </failure>
  </testcase> <!-- @BeforeSuite TestDataInitialization -->
  <testcase classname="Baseclasses.BaseClass" name="@BeforeMethod OpenApp" time="0.0">
    <skipped/>
  </testcase> <!-- @BeforeMethod OpenApp -->
  <testcase classname="Baseclasses.BaseClass" name="@AfterMethod CloseAll" time="0.0">
    <skipped/>
  </testcase> <!-- @AfterMethod CloseAll -->
  <testcase classname="Tests.Employee_Register_Action" name="Register_Employee" time="0.0">
    <skipped/>
  </testcase> <!-- Register_Employee -->
</testsuite> <!-- Test -->
