<?xml version="1.0" encoding="UTF-8"?>
<testng-results ignored="0" total="2" passed="2" failed="0" skipped="0">
  <reporter-output>
  </reporter-output>
  <suite started-at="2026-04-13T02:56:16 IST" name="Default suite" finished-at="2026-04-13T02:56:47 IST" duration-ms="30945">
    <groups>
    </groups>
    <test started-at="2026-04-13T02:56:16 IST" name="Default test" finished-at="2026-04-13T02:56:47 IST" duration-ms="30945">
      <class name="Tests.Login_Action_Verify_Valid_Invalid">
        <test-method is-config="true" signature="Before_Suite()[pri:0, instance:Tests.Login_Action_Verify_Valid_Invalid@79e4c792]" started-at="2026-04-13T02:56:16 IST" name="Before_Suite" finished-at="2026-04-13T02:56:16 IST" duration-ms="13" status="PASS">
          <reporter-output>
          </reporter-output>
        </test-method> <!-- Before_Suite -->
        <test-method is-config="true" signature="Before_Method()[pri:0, instance:Tests.Login_Action_Verify_Valid_Invalid@79e4c792]" started-at="2026-04-13T02:56:16 IST" name="Before_Method" finished-at="2026-04-13T02:56:21 IST" duration-ms="4698" status="PASS">
          <reporter-output>
          </reporter-output>
        </test-method> <!-- Before_Method -->
        <test-method signature="Login_Action_Verify_Invalid_Test()[pri:0, instance:Tests.Login_Action_Verify_Valid_Invalid@79e4c792]" started-at="2026-04-13T02:56:21 IST" name="Login_Action_Verify_Invalid_Test" finished-at="2026-04-13T02:56:32 IST" duration-ms="11622" status="PASS">
          <reporter-output>
          </reporter-output>
        </test-method> <!-- Login_Action_Verify_Invalid_Test -->
        <test-method is-config="true" signature="After_Method()[pri:0, instance:Tests.Login_Action_Verify_Valid_Invalid@79e4c792]" started-at="2026-04-13T02:56:32 IST" name="After_Method" finished-at="2026-04-13T02:56:33 IST" duration-ms="411" status="PASS">
          <reporter-output>
          </reporter-output>
        </test-method> <!-- After_Method -->
        <test-method is-config="true" signature="Before_Method()[pri:0, instance:Tests.Login_Action_Verify_Valid_Invalid@79e4c792]" started-at="2026-04-13T02:56:33 IST" name="Before_Method" finished-at="2026-04-13T02:56:36 IST" duration-ms="3369" status="PASS">
          <reporter-output>
          </reporter-output>
        </test-method> <!-- Before_Method -->
        <test-method signature="Login_Action_Verify_Valid_Test()[pri:0, instance:Tests.Login_Action_Verify_Valid_Invalid@79e4c792]" started-at="2026-04-13T02:56:36 IST" name="Login_Action_Verify_Valid_Test" finished-at="2026-04-13T02:56:47 IST" duration-ms="10568" status="PASS">
          <reporter-output>
          </reporter-output>
        </test-method> <!-- Login_Action_Verify_Valid_Test -->
        <test-method is-config="true" signature="After_Method()[pri:0, instance:Tests.Login_Action_Verify_Valid_Invalid@79e4c792]" started-at="2026-04-13T02:56:47 IST" name="After_Method" finished-at="2026-04-13T02:56:47 IST" duration-ms="206" status="PASS">
          <reporter-output>
          </reporter-output>
        </test-method> <!-- After_Method -->
      </class> <!-- Tests.Login_Action_Verify_Valid_Invalid -->
    </test> <!-- Default test -->
  </suite> <!-- Default suite -->
</testng-results>
