<?xml version="1.0" encoding="UTF-8"?>
<!-- Generated by org.testng.reporters.JUnitReportReporter -->
<testsuite hostname="GBSBHL1372-PC" failures="0" tests="1" name="Tests.LoginAction" time="19.771" errors="0" timestamp="2026-02-08T17:49:14 IST" skipped="0">
  <testcase classname="Tests.LoginAction" name="VerifyUN_PWD" time="19.771">
    <system-out>
      <![CDATA[TC is Pass]]>
    </system-out>
  </testcase> <!-- VerifyUN_PWD -->
  <system-out>
    <![CDATA[TC is Pass]]>
  </system-out>
</testsuite> <!-- Tests.LoginAction -->
