<?xml version="1.0" encoding="UTF-8"?>
<!-- Generated by org.testng.reporters.JUnitReportReporter -->
<testsuite hostname="ChandanZ" failures="0" tests="2" name="Tests.Login_Action_Verify_Valid_Invalid" time="30.713" errors="0" timestamp="2026-04-13T02:09:00 IST" skipped="0">
  <testcase classname="Tests.Login_Action_Verify_Valid_Invalid" name="Login_Action_Verify_Valid_Test" time="15.283"/>
  <testcase classname="Tests.Login_Action_Verify_Valid_Invalid" name="Login_Action_Verify_Invalid_Test" time="15.430"/>
</testsuite> <!-- Tests.Login_Action_Verify_Valid_Invalid -->
