<?xml version="1.0" encoding="UTF-8"?>
<!-- Generated by org.testng.reporters.JUnitReportReporter -->
<testsuite hostname="GBSBHL1372-PC" failures="0" tests="1" name="Tests.LoginAction" time="18.421" errors="0" timestamp="2026-02-10T16:40:06 IST" skipped="0">
  <testcase classname="Tests.LoginAction" name="VerifyUN_PWD" time="18.421">
    <system-out>
      <![CDATA[TC is Pass]]>
    </system-out>
  </testcase> <!-- VerifyUN_PWD -->
  <system-out>
    <![CDATA[TC is Pass]]>
  </system-out>
</testsuite> <!-- Tests.LoginAction -->
